<?xml version="1.0" encoding="UTF-8"?>
<!-- Generated by org.testng.reporters.JUnitReportReporter -->
<testsuite skipped="1" hostname="KESAVAN-PC" name="com.testNG.ParameterizeTest" tests="3" failures="0" timestamp="2021-02-10T18:08:45 IST" time="0.002" errors="1">
  <testcase name="getCredintials" time="0.002" classname="com.testNG.ParameterizeTest"/>
  <system-out/>
  <testcase name="getParameterEx" time="0.000" classname="com.testNG.ParameterizeTest">
    <error type="org.testng.TestNGException" message="
Parameter &#039;loginuser&#039; is required by @Test on method getParameterEx but has not been marked @Optional or defined
in D:\TG\SeleniumTutor\Transfor1.xml">
      <![CDATA[org.testng.TestNGException: 
Parameter 'loginuser' is required by @Test on method getParameterEx but has not been marked @Optional or defined
in D:\TG\SeleniumTutor\Transfor1.xml
at org.testng.internal.Parameters.createParams(Parameters.java:268)
at org.testng.internal.Parameters.createParametersForMethod(Parameters.java:356)
at org.testng.internal.Parameters.createParameters(Parameters.java:700)
at org.testng.internal.Parameters.handleParameters(Parameters.java:875)
at org.testng.internal.Parameters.handleParameters(Parameters.java:740)
at org.testng.internal.ParameterHandler.handleParameters(ParameterHandler.java:59)
at org.testng.internal.ParameterHandler.createParameters(ParameterHandler.java:38)
at org.testng.internal.TestInvoker$MethodInvocationAgent.invoke(TestInvoker.java:789)
at org.testng.internal.TestInvoker.invokeTestMethods(TestInvoker.java:147)
at org.testng.internal.TestMethodWorker.invokeTestMethods(TestMethodWorker.java:146)
at org.testng.internal.TestMethodWorker.run(TestMethodWorker.java:128)
at java.util.ArrayList.forEach(Unknown Source)
at org.testng.TestRunner.privateRun(TestRunner.java:764)
at org.testng.TestRunner.run(TestRunner.java:585)
at org.testng.SuiteRunner.runTest(SuiteRunner.java:384)
at org.testng.SuiteRunner.runSequentially(SuiteRunner.java:378)
at org.testng.SuiteRunner.privateRun(SuiteRunner.java:337)
at org.testng.SuiteRunner.run(SuiteRunner.java:286)
at org.testng.SuiteRunnerWorker.runSuite(SuiteRunnerWorker.java:53)
at org.testng.SuiteRunnerWorker.run(SuiteRunnerWorker.java:96)
at org.testng.TestNG.runSuitesSequentially(TestNG.java:1218)
at org.testng.TestNG.runSuitesLocally(TestNG.java:1140)
at org.testng.TestNG.runSuites(TestNG.java:1069)
at org.testng.TestNG.run(TestNG.java:1037)
at org.testng.remote.AbstractRemoteTestNG.run(AbstractRemoteTestNG.java:115)
at org.testng.remote.RemoteTestNG.initAndRun(RemoteTestNG.java:251)
at org.testng.remote.RemoteTestNG.main(RemoteTestNG.java:77)
]]>
    </error>
  </testcase> <!-- getParameterEx -->
  <system-out/>
  <testcase name="getName" classname="com.testNG.ParameterizeTest">
    <skipped/>
  </testcase> <!-- getName -->
  <system-out/>
</testsuite> <!-- com.testNG.ParameterizeTest -->
